<?xml version="1.0" encoding="UTF-8"?>
<!-- Generated by org.testng.reporters.JUnitReportReporter -->
<testsuite skipped="0" hostname="Nurs-MBP.verizon.net" name="Tests.SmartPhonePageTest" tests="2" failures="0" timestamp="09 Mar 2020 01:54:33 GMT" time="15.123" errors="0">
  <testcase name="getTitle" time="6.049" classname="Tests.SmartPhonePageTest"/>
  <testcase name="clickAppleIphone11" time="9.074" classname="Tests.SmartPhonePageTest"/>
</testsuite> <!-- Tests.SmartPhonePageTest -->
