<?xml version="1.0" encoding="UTF-8"?>
<!-- Generated by org.testng.reporters.JUnitReportReporter -->
<testsuite skipped="0" hostname="Nurs-MBP.verizon.net" name="com.verizon.tests.verifyCartTest" tests="1" failures="0" timestamp="10 Mar 2020 21:14:26 GMT" time="21.760" errors="0">
  <testcase name="verifyName" time="21.760" classname="com.verizon.tests.verifyCartTest"/>
</testsuite> <!-- com.verizon.tests.verifyCartTest -->
