<?xml version="1.0" encoding="UTF-8"?>
<!-- Generated by org.testng.reporters.JUnitReportReporter -->
<testsuite skipped="0" hostname="Nurs-MBP.verizon.net" name="com.verizon.tests.VerizonMainPageTest" tests="1" failures="0" timestamp="10 Mar 2020 14:04:02 GMT" time="6.994" errors="0">
  <testcase name="moveToSmartPhone" time="6.994" classname="com.verizon.tests.VerizonMainPageTest"/>
</testsuite> <!-- com.verizon.tests.VerizonMainPageTest -->
