<?xml version="1.0" encoding="UTF-8"?>
<!-- Generated by org.testng.reporters.JUnitReportReporter -->
<testsuite skipped="0" hostname="Nurs-MBP.verizon.net" name="Tests.PhoneFeaturesPageTest" tests="2" failures="0" timestamp="09 Mar 2020 02:19:56 GMT" time="24.018" errors="0">
  <testcase name="getTitle" time="9.520" classname="Tests.PhoneFeaturesPageTest"/>
  <testcase name="clickFeatures" time="14.498" classname="Tests.PhoneFeaturesPageTest"/>
</testsuite> <!-- Tests.PhoneFeaturesPageTest -->
