<?xml version="1.0" encoding="UTF-8"?>
<!-- Generated by org.testng.reporters.JUnitReportReporter -->
<testsuite skipped="0" hostname="Nurs-MBP.verizon.net" name="Tests.verifyCartTest" tests="1" failures="0" timestamp="09 Mar 2020 01:58:38 GMT" time="16.286" errors="0">
  <testcase name="verifyName" time="16.286" classname="Tests.verifyCartTest"/>
</testsuite> <!-- Tests.verifyCartTest -->
