<?xml version="1.0" encoding="UTF-8"?>
<!-- Generated by org.testng.reporters.JUnitReportReporter -->
<testsuite skipped="0" hostname="Nurs-MBP.verizon.net" name="Tests.VerizonMainPageTest" tests="2" failures="0" timestamp="09 Mar 2020 01:53:43 GMT" time="10.863" errors="0">
  <testcase name="getTitle" time="3.503" classname="Tests.VerizonMainPageTest"/>
  <testcase name="moveToSmartPhone" time="7.360" classname="Tests.VerizonMainPageTest"/>
</testsuite> <!-- Tests.VerizonMainPageTest -->
